<?xml version="1.0" encoding="UTF-8"?>
<!-- Generated by org.testng.reporters.JUnitReportReporter -->
<testsuite skipped="0" hostname="sagars-MBP" name="myassessment.DB.TC01_verifyCapitalDataIsMissingInTable" tests="2" failures="0" timestamp="06 Apr 2020 04:58:24 GMT" time="4.548" errors="0">
  <testcase name="verifyAllCountriesOfWhichDataBetweenTableAndAPMismatch" time="3.043" classname="myassessment.DB.TC01_verifyCapitalDataIsMissingInTable"/>
  <testcase name="verifyAllCountriesforWhichCapitalDataIsMissingInTable" time="1.505" classname="myassessment.DB.TC01_verifyCapitalDataIsMissingInTable"/>
</testsuite> <!-- myassessment.DB.TC01_verifyCapitalDataIsMissingInTable -->
