<?xml version="1.0" encoding="UTF-8"?>
<!-- Generated by org.testng.reporters.JUnitReportReporter -->
<testsuite skipped="0" hostname="sagars-MBP" name="myassessment.DB.run" tests="1" failures="0" timestamp="04 Apr 2020 10:06:02 GMT" time="13.868" errors="0">
  <testcase name="mat" time="13.868" classname="myassessment.DB.run"/>
</testsuite> <!-- myassessment.DB.run -->
