<?xml version="1.0" encoding="UTF-8"?>
<!-- Generated by org.testng.reporters.JUnitReportReporter -->
<testsuite skipped="0" hostname="sagars-MBP" name="myassessment.DB.ExtentDemo" tests="1" failures="0" timestamp="02 Apr 2020 14:55:45 GMT" time="9.186" errors="0">
  <testcase name="extentReportsDemo" time="9.186" classname="myassessment.DB.ExtentDemo"/>
</testsuite> <!-- myassessment.DB.ExtentDemo -->
