<?xml version="1.0" encoding="UTF-8"?>
<!-- Generated by org.testng.reporters.JUnitReportReporter -->
<testsuite skipped="0" hostname="sagars-MBP" name="myassessment.DB.TC03_verifyCountriesBorderingWithAreSameOrNotBetweenAPIAndDB$TC01_verifyCapitalDataIsMissingInTable" tests="1" failures="0" timestamp="06 Apr 2020 05:20:32 GMT" time="1.506" errors="0">
  <testcase name="verifyverifyCountriesBorderingWithAreSameOrNotBetweenAPIAndDB" time="1.506" classname="myassessment.DB.TC03_verifyCountriesBorderingWithAreSameOrNotBetweenAPIAndDB$TC01_verifyCapitalDataIsMissingInTable"/>
</testsuite> <!-- myassessment.DB.TC03_verifyCountriesBorderingWithAreSameOrNotBetweenAPIAndDB$TC01_verifyCapitalDataIsMissingInTable -->
