<?xml version="1.0" encoding="UTF-8"?>
<!-- Generated by org.testng.reporters.JUnitReportReporter -->
<testsuite skipped="0" hostname="sagars-MBP" name="myassessment.DB.AppTest" tests="1" failures="0" timestamp="04 Apr 2020 09:34:16 GMT" time="0.463" errors="0">
  <testcase name="getQueryData" time="0.463" classname="myassessment.DB.AppTest"/>
</testsuite> <!-- myassessment.DB.AppTest -->
