<?xml version="1.0" encoding="UTF-8"?>
<!-- Generated by org.testng.reporters.JUnitReportReporter -->
<testsuite skipped="0" hostname="sagars-MBP" name="myassessment.DB.TC02_verifyAllCountriesOfWhichDataBetweenTableAndAPMismatch$TC01_verifyAllCountriesOfWhichDataBetweenTableAndAPMismatch" tests="1" failures="0" timestamp="06 Apr 2020 05:22:02 GMT" time="1.454" errors="0">
  <testcase name="verifyAllCountriesOfWhichDataBetweenTableAndAPMismatch" time="1.454" classname="myassessment.DB.TC02_verifyAllCountriesOfWhichDataBetweenTableAndAPMismatch$TC01_verifyAllCountriesOfWhichDataBetweenTableAndAPMismatch"/>
</testsuite> <!-- myassessment.DB.TC02_verifyAllCountriesOfWhichDataBetweenTableAndAPMismatch$TC01_verifyAllCountriesOfWhichDataBetweenTableAndAPMismatch -->
